2023-08-06 02:31:15.490848 - Initialized conversion of CBT255
2023-08-06 02:31:16.061213 - Received CBT.V505.FILE255.PDS from FILE255.XMI 
2023-08-06 02:31:16.063654 - Found $$$#DATE.txt (text/plain) in CBT.V505.FILE255.PDS, moved to PDS/$$$#DATE
2023-08-06 02:31:16.064658 - Found $$$DOC.txt (text/plain) in CBT.V505.FILE255.PDS, moved to PDS/$$$DOC
2023-08-06 02:31:16.065745 - Found $CCFASMB.txt (text/plain) in CBT.V505.FILE255.PDS, moved to PDS/$CCFASMB
2023-08-06 02:31:16.066740 - Found $CCFASMC.txt (text/plain) in CBT.V505.FILE255.PDS, moved to PDS/$CCFASMC
2023-08-06 02:31:16.067622 - Found $CCFBATP.txt (text/plain) in CBT.V505.FILE255.PDS, moved to PDS/$CCFBATP
2023-08-06 02:31:16.068493 - Found $CCFBHP1.txt (text/plain) in CBT.V505.FILE255.PDS, moved to PDS/$CCFBHP1
2023-08-06 02:31:16.069332 - Found $CCFBHP2.txt (text/plain) in CBT.V505.FILE255.PDS, moved to PDS/$CCFBHP2
2023-08-06 02:31:16.070384 - Found $CCFBPAN.txt (text/plain) in CBT.V505.FILE255.PDS, moved to PDS/$CCFBPAN
2023-08-06 02:31:16.071266 - Found $CCFBPNL.txt (text/plain) in CBT.V505.FILE255.PDS, moved to PDS/$CCFBPNL
2023-08-06 02:31:16.072110 - Found $CCFBPN1.txt (text/plain) in CBT.V505.FILE255.PDS, moved to PDS/$CCFBPN1
2023-08-06 02:31:16.072909 - Found $CCFBPN2.txt (text/plain) in CBT.V505.FILE255.PDS, moved to PDS/$CCFBPN2
2023-08-06 02:31:16.073738 - Found $CCFCHP1.txt (text/plain) in CBT.V505.FILE255.PDS, moved to PDS/$CCFCHP1
2023-08-06 02:31:16.074607 - Found $CCFCHP2.txt (text/plain) in CBT.V505.FILE255.PDS, moved to PDS/$CCFCHP2
2023-08-06 02:31:16.075463 - Found $CCFCICP.txt (text/plain) in CBT.V505.FILE255.PDS, moved to PDS/$CCFCICP
2023-08-06 02:31:16.076273 - Found $CCFCPAN.txt (text/plain) in CBT.V505.FILE255.PDS, moved to PDS/$CCFCPAN
2023-08-06 02:31:16.077096 - Found $CCFCPNL.txt (text/plain) in CBT.V505.FILE255.PDS, moved to PDS/$CCFCPNL
2023-08-06 02:31:16.077912 - Found $CCFCPN1.txt (text/plain) in CBT.V505.FILE255.PDS, moved to PDS/$CCFCPN1
2023-08-06 02:31:16.078741 - Found $CCFCPN2.txt (text/plain) in CBT.V505.FILE255.PDS, moved to PDS/$CCFCPN2
2023-08-06 02:31:16.079637 - Found $CCFDHP1.txt (text/plain) in CBT.V505.FILE255.PDS, moved to PDS/$CCFDHP1
2023-08-06 02:31:16.080436 - Found $CCFDHP2.txt (text/plain) in CBT.V505.FILE255.PDS, moved to PDS/$CCFDHP2
2023-08-06 02:31:16.081307 - Found $CCFHASM.txt (text/plain) in CBT.V505.FILE255.PDS, moved to PDS/$CCFHASM
2023-08-06 02:31:16.082281 - Found $CCFQPNL.txt (text/plain) in CBT.V505.FILE255.PDS, moved to PDS/$CCFQPNL
2023-08-06 02:31:16.083172 - Found @DUMMY.txt (text/plain) in CBT.V505.FILE255.PDS, moved to PDS/@DUMMY
2023-08-06 02:31:16.084010 - Found @FILE255.txt (text/plain) in CBT.V505.FILE255.PDS, moved to PDS/@FILE255
2023-08-06 02:31:16.084805 - Found @PDFBART.txt (text/plain) in CBT.V505.FILE255.PDS, moved to PDS/@PDFBART
2023-08-06 02:31:16.085729 - Found @PDFBINF.txt (text/plain) in CBT.V505.FILE255.PDS, moved to PDS/@PDFBINF
2023-08-06 02:31:16.086734 - Found @PDFPLAT.txt (text/plain) in CBT.V505.FILE255.PDS, moved to PDS/@PDFPLAT
2023-08-06 02:31:16.087651 - Found @PDFPRCN.txt (text/plain) in CBT.V505.FILE255.PDS, moved to PDS/@PDFPRCN
2023-08-06 02:31:16.088570 - Found @PDFQART.txt (text/plain) in CBT.V505.FILE255.PDS, moved to PDS/@PDFQART
2023-08-06 02:31:16.089430 - Found @PDFSMPE.txt (text/plain) in CBT.V505.FILE255.PDS, moved to PDS/@PDFSMPE
2023-08-06 02:31:16.090356 - Found @PDFSOPR.txt (text/plain) in CBT.V505.FILE255.PDS, moved to PDS/@PDFSOPR
2023-08-06 02:31:16.091262 - Found @PDFSRTY.txt (text/plain) in CBT.V505.FILE255.PDS, moved to PDS/@PDFSRTY
2023-08-06 02:31:16.092070 - Found @PDFSSUP.txt (text/plain) in CBT.V505.FILE255.PDS, moved to PDS/@PDFSSUP
2023-08-06 02:31:16.092848 - Found @PDFTART.txt (text/plain) in CBT.V505.FILE255.PDS, moved to PDS/@PDFTART
2023-08-06 02:31:16.093692 - Found @PDFTECH.txt (text/plain) in CBT.V505.FILE255.PDS, moved to PDS/@PDFTECH
2023-08-06 02:31:16.094491 - Found @PDFVIS1.txt (text/plain) in CBT.V505.FILE255.PDS, moved to PDS/@PDFVIS1
2023-08-06 02:31:16.095293 - Found @PDFXART.txt (text/plain) in CBT.V505.FILE255.PDS, moved to PDS/@PDFXART
2023-08-06 02:31:16.096074 - Found @PDFXPDF.txt (text/plain) in CBT.V505.FILE255.PDS, moved to PDS/@PDFXPDF
2023-08-06 02:31:16.096864 - Found @PDFXPDX.txt (text/plain) in CBT.V505.FILE255.PDS, moved to PDS/@PDFXPDX
2023-08-06 02:31:16.097832 - Found API1PNL1.txt (text/plain) in CBT.V505.FILE255.PDS, moved to PDS/API1PNL1
2023-08-06 02:31:16.098800 - Found API1PNL2.txt (text/plain) in CBT.V505.FILE255.PDS, moved to PDS/API1PNL2
2023-08-06 02:31:16.099687 - Found CAIPDF02.txt (text/plain) in CBT.V505.FILE255.PDS, moved to PDS/CAIPDF02
2023-08-06 02:31:16.100552 - Found CCFBKPNL.txt (text/plain) in CBT.V505.FILE255.PDS, moved to PDS/CCFBKPNL
2023-08-06 02:31:16.101464 - Found CCFBKPNM.txt (text/plain) in CBT.V505.FILE255.PDS, moved to PDS/CCFBKPNM
2023-08-06 02:31:16.102378 - Found CCFQASMB.txt (text/plain) in CBT.V505.FILE255.PDS, moved to PDS/CCFQASMB
2023-08-06 02:31:16.103257 - Found CCFRARCP.txt (text/plain) in CBT.V505.FILE255.PDS, moved to PDS/CCFRARCP
2023-08-06 02:31:16.104137 - Found CCFRMEMP.txt (text/plain) in CBT.V505.FILE255.PDS, moved to PDS/CCFRMEMP
2023-08-06 02:31:16.105083 - Found COBCOMPB.txt (text/plain) in CBT.V505.FILE255.PDS, moved to PDS/COBCOMPB
2023-08-06 02:31:16.106042 - Found COBCOMPC.txt (text/plain) in CBT.V505.FILE255.PDS, moved to PDS/COBCOMPC
2023-08-06 02:31:16.106988 - Found DSSERVP.txt (text/plain) in CBT.V505.FILE255.PDS, moved to PDS/DSSERVP
2023-08-06 02:31:16.107845 - Found EDITPDSP.txt (text/plain) in CBT.V505.FILE255.PDS, moved to PDS/EDITPDSP
2023-08-06 02:31:16.108767 - Found HLDRVPNL.txt (text/plain) in CBT.V505.FILE255.PDS, moved to PDS/HLDRVPNL
2023-08-06 02:31:16.109677 - Found HPCCFQA.txt (text/plain) in CBT.V505.FILE255.PDS, moved to PDS/HPCCFQA
2023-08-06 02:31:16.110650 - Found HPCLOSE.txt (text/plain) in CBT.V505.FILE255.PDS, moved to PDS/HPCLOSE
2023-08-06 02:31:16.111585 - Found HPCOMPAR.txt (text/plain) in CBT.V505.FILE255.PDS, moved to PDS/HPCOMPAR
2023-08-06 02:31:16.112446 - Found HPLOGO01.txt (text/plain) in CBT.V505.FILE255.PDS, moved to PDS/HPLOGO01
2023-08-06 02:31:16.113310 - Found HPLOGO02.txt (text/plain) in CBT.V505.FILE255.PDS, moved to PDS/HPLOGO02
2023-08-06 02:31:16.114249 - Found HPLOGO03.txt (text/plain) in CBT.V505.FILE255.PDS, moved to PDS/HPLOGO03
2023-08-06 02:31:16.115186 - Found ISRFINDP.txt (text/plain) in CBT.V505.FILE255.PDS, moved to PDS/ISRFINDP
2023-08-06 02:31:16.116056 - Found KWSRVPNL.txt (text/plain) in CBT.V505.FILE255.PDS, moved to PDS/KWSRVPNL
2023-08-06 02:31:16.116939 - Found LBACKOUT.txt (text/plain) in CBT.V505.FILE255.PDS, moved to PDS/LBACKOUT
2023-08-06 02:31:16.117777 - Found LBCLOSE1.txt (text/plain) in CBT.V505.FILE255.PDS, moved to PDS/LBCLOSE1
2023-08-06 02:31:16.118693 - Found LBCLOSE2.txt (text/plain) in CBT.V505.FILE255.PDS, moved to PDS/LBCLOSE2
2023-08-06 02:31:16.119648 - Found LBCLOSE3.txt (text/plain) in CBT.V505.FILE255.PDS, moved to PDS/LBCLOSE3
2023-08-06 02:31:16.120516 - Found LBCOMPAR.txt (text/plain) in CBT.V505.FILE255.PDS, moved to PDS/LBCOMPAR
2023-08-06 02:31:16.121480 - Found LBHSTPN1.txt (text/plain) in CBT.V505.FILE255.PDS, moved to PDS/LBHSTPN1
2023-08-06 02:31:16.122400 - Found LBHSTPN2.txt (text/plain) in CBT.V505.FILE255.PDS, moved to PDS/LBHSTPN2
2023-08-06 02:31:16.123258 - Found LBLOHLP1.txt (text/plain) in CBT.V505.FILE255.PDS, moved to PDS/LBLOHLP1
2023-08-06 02:31:16.124092 - Found LBLOHLP2.txt (text/plain) in CBT.V505.FILE255.PDS, moved to PDS/LBLOHLP2
2023-08-06 02:31:16.124907 - Found LBLOHLP3.txt (text/plain) in CBT.V505.FILE255.PDS, moved to PDS/LBLOHLP3
2023-08-06 02:31:16.125847 - Found LBLOPNL1.txt (text/plain) in CBT.V505.FILE255.PDS, moved to PDS/LBLOPNL1
2023-08-06 02:31:16.126777 - Found LBLOPNL2.txt (text/plain) in CBT.V505.FILE255.PDS, moved to PDS/LBLOPNL2
2023-08-06 02:31:16.127701 - Found LBLOPNL3.txt (text/plain) in CBT.V505.FILE255.PDS, moved to PDS/LBLOPNL3
2023-08-06 02:31:16.128574 - Found LBSCANP1.txt (text/plain) in CBT.V505.FILE255.PDS, moved to PDS/LBSCANP1
2023-08-06 02:31:16.129390 - Found LBSCANP2.txt (text/plain) in CBT.V505.FILE255.PDS, moved to PDS/LBSCANP2
2023-08-06 02:31:16.130187 - Found LHISTORY.txt (text/plain) in CBT.V505.FILE255.PDS, moved to PDS/LHISTORY
2023-08-06 02:31:16.131106 - Found LIBRHPNL.txt (text/plain) in CBT.V505.FILE255.PDS, moved to PDS/LIBRHPNL
2023-08-06 02:31:16.132017 - Found LIBRPANL.txt (text/plain) in CBT.V505.FILE255.PDS, moved to PDS/LIBRPANL
2023-08-06 02:31:16.132941 - Found NEWREST.txt (text/plain) in CBT.V505.FILE255.PDS, moved to PDS/NEWREST
2023-08-06 02:31:16.133774 - Found NWREST.txt (text/plain) in CBT.V505.FILE255.PDS, moved to PDS/NWREST
2023-08-06 02:31:16.134651 - Found NWRSTHP1.txt (text/plain) in CBT.V505.FILE255.PDS, moved to PDS/NWRSTHP1
2023-08-06 02:31:16.135588 - Found NWRSTHP2.txt (text/plain) in CBT.V505.FILE255.PDS, moved to PDS/NWRSTHP2
2023-08-06 02:31:16.136444 - Found NWRSTHP3.txt (text/plain) in CBT.V505.FILE255.PDS, moved to PDS/NWRSTHP3
2023-08-06 02:31:16.137245 - Found NWRSTPN1.txt (text/plain) in CBT.V505.FILE255.PDS, moved to PDS/NWRSTPN1
2023-08-06 02:31:16.138226 - Found NWRSTPN2.txt (text/plain) in CBT.V505.FILE255.PDS, moved to PDS/NWRSTPN2
2023-08-06 02:31:16.139216 - Found NWRSTPN3.txt (text/plain) in CBT.V505.FILE255.PDS, moved to PDS/NWRSTPN3
2023-08-06 02:31:16.140138 - Found NWRSTPN4.txt (text/plain) in CBT.V505.FILE255.PDS, moved to PDS/NWRSTPN4
2023-08-06 02:31:16.141089 - Found NWRSTPN5.txt (text/plain) in CBT.V505.FILE255.PDS, moved to PDS/NWRSTPN5
2023-08-06 02:31:16.141996 - Found NWSRVPNL.txt (text/plain) in CBT.V505.FILE255.PDS, moved to PDS/NWSRVPNL
2023-08-06 02:31:16.142902 - Found NWSRVPNN.txt (text/plain) in CBT.V505.FILE255.PDS, moved to PDS/NWSRVPNN
2023-08-06 02:31:16.143723 - Found NWSRVPNT.txt (text/plain) in CBT.V505.FILE255.PDS, moved to PDS/NWSRVPNT
2023-08-06 02:31:16.144598 - Found NWVOLPNL.txt (text/plain) in CBT.V505.FILE255.PDS, moved to PDS/NWVOLPNL
2023-08-06 02:31:16.145419 - Found OWRSTPN1.txt (text/plain) in CBT.V505.FILE255.PDS, moved to PDS/OWRSTPN1
2023-08-06 02:31:16.146350 - Found OWSRVPNL.txt (text/plain) in CBT.V505.FILE255.PDS, moved to PDS/OWSRVPNL
2023-08-06 02:31:16.147284 - Found PBKSTAT.txt (text/plain) in CBT.V505.FILE255.PDS, moved to PDS/PBKSTAT
2023-08-06 02:31:16.148121 - Found PNLANGCD.txt (text/plain) in CBT.V505.FILE255.PDS, moved to PDS/PNLANGCD
2023-08-06 02:31:16.148969 - Found PNLOGOUT.txt (text/plain) in CBT.V505.FILE255.PDS, moved to PDS/PNLOGOUT
2023-08-06 02:31:16.149801 - Found PNMODULE.txt (text/plain) in CBT.V505.FILE255.PDS, moved to PDS/PNMODULE
2023-08-06 02:31:16.150600 - Found PTLMS.txt (text/plain) in CBT.V505.FILE255.PDS, moved to PDS/PTLMS
2023-08-06 02:31:16.151433 - Found PXREF.txt (text/plain) in CBT.V505.FILE255.PDS, moved to PDS/PXREF
2023-08-06 02:31:16.152252 - Found QAXREF.txt (text/plain) in CBT.V505.FILE255.PDS, moved to PDS/QAXREF
2023-08-06 02:31:16.153073 - Found VM60PRIM.txt (text/plain) in CBT.V505.FILE255.PDS, moved to PDS/VM60PRIM
2023-08-06 02:31:16.154017 - Found XREFPANL.txt (text/plain) in CBT.V505.FILE255.PDS, moved to PDS/XREFPANL
2023-08-06 02:31:16.154870 - Found XREFPNL1.txt (text/plain) in CBT.V505.FILE255.PDS, moved to PDS/XREFPNL1
